nohup: ignoring input

  .   ____          _            __ _ _
 /\\ / ___'_ __ _ _(_)_ __  __ _ \ \ \ \
( ( )\___ | '_ | '_| | '_ \/ _` | \ \ \ \
 \\/  ___)| |_)| | | | | || (_| |  ) ) ) )
  '  |____| .__|_| |_|_| |_\__, | / / / /
 =========|_|==============|___/=/_/_/_/

 :: Spring Boot ::                (v3.3.2)

2026-06-15T20:05:08.904+01:00  INFO 14652 --- [           main] c.t.web.TakeABreakWebApplication         : Starting TakeABreakWebApplication v1.0.0 using Java 24.0.1 with PID 14652 (D:\Projeto de Inform├Ītica\webapp\target\take-a-break-web-1.0.0.jar started by anasi in D:\Projeto de Inform├Ītica\webapp)
2026-06-15T20:05:08.949+01:00  INFO 14652 --- [           main] c.t.web.TakeABreakWebApplication         : No active profile set, falling back to 1 default profile: "default"
WARNING: A restricted method in java.lang.System has been called
WARNING: java.lang.System::load has been called by org.apache.tomcat.jni.Library in an unnamed module (jar:nested:/D:/Projeto%20de%20Informßtica/webapp/target/take-a-break-web-1.0.0.jar/!BOOT-INF/lib/tomcat-embed-core-10.1.26.jar!/)
WARNING: Use --enable-native-access=ALL-UNNAMED to avoid a warning for callers in this module
WARNING: Restricted methods will be blocked in a future release unless native access is enabled

2026-06-15T20:05:20.741+01:00  INFO 14652 --- [           main] o.s.b.w.embedded.tomcat.TomcatWebServer  : Tomcat initialized with port 8081 (http)
2026-06-15T20:05:20.829+01:00  INFO 14652 --- [           main] o.apache.catalina.core.StandardService   : Starting service [Tomcat]
2026-06-15T20:05:20.833+01:00  INFO 14652 --- [           main] o.apache.catalina.core.StandardEngine    : Starting Servlet engine: [Apache Tomcat/10.1.26]
2026-06-15T20:05:21.055+01:00  INFO 14652 --- [           main] o.a.c.c.C.[Tomcat].[localhost].[/]       : Initializing Spring embedded WebApplicationContext
2026-06-15T20:05:21.057+01:00  INFO 14652 --- [           main] w.s.c.ServletWebServerApplicationContext : Root WebApplicationContext: initialization completed in 11480 ms
2026-06-15T20:05:22.648+01:00  INFO 14652 --- [           main] com.zaxxer.hikari.HikariDataSource       : HikariPool-1 - Starting...
2026-06-15T20:05:23.892+01:00  INFO 14652 --- [           main] com.zaxxer.hikari.pool.HikariPool        : HikariPool-1 - Added connection com.mysql.cj.jdbc.ConnectionImpl@5a8816cc
2026-06-15T20:05:23.902+01:00  INFO 14652 --- [           main] com.zaxxer.hikari.HikariDataSource       : HikariPool-1 - Start completed.
2026-06-15T20:05:26.275+01:00  INFO 14652 --- [           main] o.s.b.a.w.s.WelcomePageHandlerMapping    : Adding welcome page template: index
2026-06-15T20:05:30.470+01:00  INFO 14652 --- [           main] o.s.b.w.embedded.tomcat.TomcatWebServer  : Tomcat started on port 8081 (http) with context path '/'
2026-06-15T20:05:30.581+01:00  INFO 14652 --- [           main] c.t.web.TakeABreakWebApplication         : Started TakeABreakWebApplication in 24.961 seconds (process running for 29.212)
2026-06-15T20:05:51.912+01:00  INFO 14652 --- [nio-8081-exec-2] o.a.c.c.C.[Tomcat].[localhost].[/]       : Initializing Spring DispatcherServlet 'dispatcherServlet'
2026-06-15T20:05:51.912+01:00  INFO 14652 --- [nio-8081-exec-2] o.s.web.servlet.DispatcherServlet        : Initializing Servlet 'dispatcherServlet'
2026-06-15T20:05:51.914+01:00  INFO 14652 --- [nio-8081-exec-2] o.s.web.servlet.DispatcherServlet        : Completed initialization in 2 ms
