nohup: ignoring input

  .   ____          _            __ _ _
 /\\ / ___'_ __ _ _(_)_ __  __ _ \ \ \ \
( ( )\___ | '_ | '_| | '_ \/ _` | \ \ \ \
 \\/  ___)| |_)| | | | | || (_| |  ) ) ) )
  '  |____| .__|_| |_|_| |_\__, | / / / /
 =========|_|==============|___/=/_/_/_/

 :: Spring Boot ::                (v3.3.2)

2026-06-15T20:15:24.977+01:00  INFO 18704 --- [           main] c.t.web.TakeABreakWebApplication         : Starting TakeABreakWebApplication v1.0.0 using Java 24.0.1 with PID 18704 (D:\Projeto de Inform├Ītica\webapp\target\take-a-break-web-1.0.0.jar started by anasi in D:\Projeto de Inform├Ītica\webapp)
2026-06-15T20:15:25.016+01:00  INFO 18704 --- [           main] c.t.web.TakeABreakWebApplication         : No active profile set, falling back to 1 default profile: "default"
WARNING: A restricted method in java.lang.System has been called
WARNING: java.lang.System::load has been called by org.apache.tomcat.jni.Library in an unnamed module (jar:nested:/D:/Projeto%20de%20Informßtica/webapp/target/take-a-break-web-1.0.0.jar/!BOOT-INF/lib/tomcat-embed-core-10.1.26.jar!/)
WARNING: Use --enable-native-access=ALL-UNNAMED to avoid a warning for callers in this module
WARNING: Restricted methods will be blocked in a future release unless native access is enabled

2026-06-15T20:15:37.953+01:00  INFO 18704 --- [           main] o.s.b.w.embedded.tomcat.TomcatWebServer  : Tomcat initialized with port 443 (https)
2026-06-15T20:15:38.072+01:00  INFO 18704 --- [           main] o.apache.catalina.core.StandardService   : Starting service [Tomcat]
2026-06-15T20:15:38.081+01:00  INFO 18704 --- [           main] o.apache.catalina.core.StandardEngine    : Starting Servlet engine: [Apache Tomcat/10.1.26]
2026-06-15T20:15:38.280+01:00  INFO 18704 --- [           main] o.a.c.c.C.[Tomcat].[localhost].[/]       : Initializing Spring embedded WebApplicationContext
2026-06-15T20:15:38.282+01:00  INFO 18704 --- [           main] w.s.c.ServletWebServerApplicationContext : Root WebApplicationContext: initialization completed in 12638 ms
2026-06-15T20:15:39.501+01:00  INFO 18704 --- [           main] com.zaxxer.hikari.HikariDataSource       : HikariPool-1 - Starting...
2026-06-15T20:15:41.324+01:00  INFO 18704 --- [           main] com.zaxxer.hikari.pool.HikariPool        : HikariPool-1 - Added connection com.mysql.cj.jdbc.ConnectionImpl@138aa3cc
2026-06-15T20:15:41.333+01:00  INFO 18704 --- [           main] com.zaxxer.hikari.HikariDataSource       : HikariPool-1 - Start completed.
2026-06-15T20:15:43.731+01:00  INFO 18704 --- [           main] o.s.b.a.w.s.WelcomePageHandlerMapping    : Adding welcome page template: index
2026-06-15T20:15:50.325+01:00  INFO 18704 --- [           main] o.a.t.util.net.NioEndpoint.certificate   : Connector [https-jsse-nio-443], TLS virtual host [_default_], certificate type [UNDEFINED] configured from keystore [C:\Users\anasi\.keystore] using alias [takeabreak] with trust store [null]
2026-06-15T20:15:50.650+01:00  INFO 18704 --- [           main] o.s.b.w.embedded.tomcat.TomcatWebServer  : Tomcat started on port 443 (https) with context path '/'
2026-06-15T20:15:50.833+01:00  INFO 18704 --- [           main] c.t.web.TakeABreakWebApplication         : Started TakeABreakWebApplication in 29.618 seconds (process running for 33.664)
WARNING: A terminally deprecated method in sun.misc.Unsafe has been called
WARNING: sun.misc.Unsafe::invokeCleaner has been called by org.apache.tomcat.util.buf.ByteBufferUtils (jar:nested:/D:/Projeto%20de%20Informßtica/webapp/target/take-a-break-web-1.0.0.jar/!BOOT-INF/lib/tomcat-embed-core-10.1.26.jar!/)
WARNING: Please consider reporting this to the maintainers of class org.apache.tomcat.util.buf.ByteBufferUtils
WARNING: sun.misc.Unsafe::invokeCleaner will be removed in a future release
2026-06-15T20:15:57.684+01:00  INFO 18704 --- [nio-443-exec-10] o.a.c.c.C.[Tomcat].[localhost].[/]       : Initializing Spring DispatcherServlet 'dispatcherServlet'
2026-06-15T20:15:57.685+01:00  INFO 18704 --- [nio-443-exec-10] o.s.web.servlet.DispatcherServlet        : Initializing Servlet 'dispatcherServlet'
2026-06-15T20:15:57.691+01:00  INFO 18704 --- [nio-443-exec-10] o.s.web.servlet.DispatcherServlet        : Completed initialization in 2 ms
